c:\users\faumac\desktop\sfml\sfml\x64\debug\vc141.pdb
c:\users\faumac\desktop\sfml\sfml\x64\debug\vc141.idb
c:\users\faumac\desktop\sfml\sfml\x64\debug\source.obj
c:\users\faumac\desktop\sfml\sfml\x64\debug\paddle.obj
c:\users\faumac\desktop\sfml\sfml\x64\debug\model.obj
c:\users\faumac\desktop\sfml\sfml\x64\debug\gui.obj
c:\users\faumac\desktop\sfml\sfml\x64\debug\game_frame.obj
c:\users\faumac\desktop\sfml\sfml\x64\debug\ball.obj
c:\users\faumac\desktop\sfml\x64\debug\sfml.pdb
c:\users\faumac\desktop\sfml\sfml\x64\debug\sfml.tlog\cl.command.1.tlog
c:\users\faumac\desktop\sfml\sfml\x64\debug\sfml.tlog\cl.read.1.tlog
c:\users\faumac\desktop\sfml\sfml\x64\debug\sfml.tlog\cl.write.1.tlog
c:\users\faumac\desktop\sfml\sfml\x64\debug\sfml.tlog\link-cvtres.read.1.tlog
c:\users\faumac\desktop\sfml\sfml\x64\debug\sfml.tlog\link-cvtres.write.1.tlog
c:\users\faumac\desktop\sfml\sfml\x64\debug\sfml.tlog\link-rc.read.1.tlog
c:\users\faumac\desktop\sfml\sfml\x64\debug\sfml.tlog\link-rc.write.1.tlog
c:\users\faumac\desktop\sfml\sfml\x64\debug\sfml.tlog\link.15004-cvtres.read.1.tlog
c:\users\faumac\desktop\sfml\sfml\x64\debug\sfml.tlog\link.15004-cvtres.write.1.tlog
c:\users\faumac\desktop\sfml\sfml\x64\debug\sfml.tlog\link.15004-rc.read.1.tlog
c:\users\faumac\desktop\sfml\sfml\x64\debug\sfml.tlog\link.15004-rc.write.1.tlog
c:\users\faumac\desktop\sfml\sfml\x64\debug\sfml.tlog\link.15004.read.1.tlog
c:\users\faumac\desktop\sfml\sfml\x64\debug\sfml.tlog\link.15004.write.1.tlog
c:\users\faumac\desktop\sfml\sfml\x64\debug\sfml.tlog\link.command.1.tlog
c:\users\faumac\desktop\sfml\sfml\x64\debug\sfml.tlog\link.read.1.tlog
c:\users\faumac\desktop\sfml\sfml\x64\debug\sfml.tlog\link.write.1.tlog
